TN:
SF:/Users/teamwork/git/vue-popover/src/component/js/Popover.vue
FN:45,_interopRequireDefault
FN:71,data
FN:79,onPopoverToggle
FN:110,onDocumentClick
FN:115,onPopoverContentClick
FN:124,removeDocumentEvent
FN:130,id
FN:135,mounted
FN:140,beforeDestroy
FNF:9
FNH:9
FNDA:3,_interopRequireDefault
FNDA:19,data
FNDA:11,onPopoverToggle
FNDA:2,onDocumentClick
FNDA:1,onPopoverContentClick
FNDA:22,removeDocumentEvent
FNDA:18,id
FNDA:18,mounted
FNDA:18,beforeDestroy
DA:0,3
DA:29,1
DA:30,1
DA:31,1
DA:33,1
DA:58,19
DA:65,11
DA:67,11
DA:68,1
DA:70,1
DA:72,1
DA:75,10
DA:77,10
DA:78,2
DA:79,4
DA:81,4
DA:82,1
DA:84,1
DA:89,10
DA:91,10
DA:93,10
DA:97,2
DA:99,2
DA:103,1
DA:105,1
DA:106,0
DA:108,0
DA:113,22
DA:119,18
DA:124,18
DA:126,18
DA:130,18
DA:132,18
LF:33
LH:31
BRDA:45,1,0,3
BRDA:45,1,1,0
BRDA:45,2,0,3
BRDA:45,2,1,3
BRDA:82,3,0,1
BRDA:82,3,1,10
BRDA:92,4,0,2
BRDA:92,4,1,8
BRDA:96,5,0,1
BRDA:96,5,1,3
BRDA:118,6,0,0
BRDA:118,6,1,1
BRF:12
BRH:11
end_of_record
TN:
SF:/Users/teamwork/git/vue-popover/src/component/js/PopoverWrapperless.js
FN:8,render
FNF:1
FNH:0
FNDA:0,render
DA:0,1
DA:3,0
DA:5,0
DA:6,0
DA:10,0
DA:11,0
DA:12,0
DA:15,0
DA:16,0
DA:18,0
LF:10
LH:1
BRDA:14,1,0,0
BRDA:14,1,1,0
BRDA:18,2,0,0
BRDA:18,2,1,0
BRDA:20,3,0,0
BRDA:20,3,1,0
BRDA:23,4,0,0
BRDA:23,4,1,0
BRF:8
BRH:0
end_of_record
