TN:
SF:/Users/joe.fusco/Projects/Personal/vue-popover/src/component/js/Popover.vue
FN:26,_interopRequireDefault
FN:43,data
FN:51,onPopoverToggle
FN:82,onDocumentClick
FN:87,onPopoverContentClick
FN:96,removeDocumentEvent
FN:102,id
FN:107,mounted
FN:112,beforeDestroy
FNF:9
FNH:9
FNDA:1,_interopRequireDefault
FNDA:19,data
FNDA:11,onPopoverToggle
FNDA:2,onDocumentClick
FNDA:1,onPopoverContentClick
FNDA:22,removeDocumentEvent
FNDA:18,id
FNDA:18,mounted
FNDA:18,beforeDestroy
DA:0,1
DA:18,1
DA:20,1
DA:36,19
DA:43,11
DA:45,11
DA:46,1
DA:48,1
DA:50,1
DA:53,10
DA:55,10
DA:56,2
DA:57,4
DA:59,4
DA:60,1
DA:62,1
DA:67,10
DA:69,10
DA:71,10
DA:75,2
DA:77,2
DA:81,1
DA:83,1
DA:84,0
DA:86,0
DA:91,22
DA:97,18
DA:102,18
DA:104,18
DA:108,18
DA:110,18
LF:31
LH:29
BRDA:26,1,0,1
BRDA:26,1,1,0
BRDA:26,2,0,1
BRDA:26,2,1,1
BRDA:54,3,0,1
BRDA:54,3,1,10
BRDA:64,4,0,2
BRDA:64,4,1,8
BRDA:68,5,0,1
BRDA:68,5,1,3
BRDA:90,6,0,0
BRDA:90,6,1,1
BRF:12
BRH:11
end_of_record
